Build started 20/06/2015 15:44:34.
     1>Project "B:\Software Development Year 2 GMIT\C Programming\MastermindGame\MastermindGame\MastermindGame.vcxproj" on node 2 (build target(s)).
     1>InitializeBuildStatus:
         Creating "Debug\MastermindGame.unsuccessfulbuild" because "AlwaysCreate" was specified.
       ClCompile:
         C:\Program Files (x86)\Microsoft Visual Studio 10.0\VC\bin\CL.exe /c /ZI /nologo /W3 /WX- /Od /Oy- /D _MBCS /Gm /EHsc /RTC1 /MDd /GS /fp:precise /Zc:wchar_t /Zc:forScope /Fo"Debug\\" /Fd"Debug\vc100.pdb" /Gd /TC /analyze- /errorReport:prompt GameplayFunctions.c IntroMenuFunctions.c Mastermind.c
         Mastermind.c
         IntroMenuFunctions.c
         GameplayFunctions.c
     1>b:\software development year 2 gmit\c programming\mastermindgame\mastermindgame\gameplayfunctions.c(456): warning C4996: 'fopen': This function or variable may be unsafe. Consider using fopen_s instead. To disable deprecation, use _CRT_SECURE_NO_WARNINGS. See online help for details.
                 c:\program files (x86)\microsoft visual studio 10.0\vc\include\stdio.h(234) : see declaration of 'fopen'
     1>b:\software development year 2 gmit\c programming\mastermindgame\mastermindgame\gameplayfunctions.c(469): warning C4996: 'fscanf': This function or variable may be unsafe. Consider using fscanf_s instead. To disable deprecation, use _CRT_SECURE_NO_WARNINGS. See online help for details.
                 c:\program files (x86)\microsoft visual studio 10.0\vc\include\stdio.h(253) : see declaration of 'fscanf'
     1>b:\software development year 2 gmit\c programming\mastermindgame\mastermindgame\gameplayfunctions.c(481): warning C4996: 'fopen': This function or variable may be unsafe. Consider using fopen_s instead. To disable deprecation, use _CRT_SECURE_NO_WARNINGS. See online help for details.
                 c:\program files (x86)\microsoft visual studio 10.0\vc\include\stdio.h(234) : see declaration of 'fopen'
     1>b:\software development year 2 gmit\c programming\mastermindgame\mastermindgame\gameplayfunctions.c(515): warning C4996: 'fopen': This function or variable may be unsafe. Consider using fopen_s instead. To disable deprecation, use _CRT_SECURE_NO_WARNINGS. See online help for details.
                 c:\program files (x86)\microsoft visual studio 10.0\vc\include\stdio.h(234) : see declaration of 'fopen'
     1>b:\software development year 2 gmit\c programming\mastermindgame\mastermindgame\gameplayfunctions.c(525): warning C4996: 'fscanf': This function or variable may be unsafe. Consider using fscanf_s instead. To disable deprecation, use _CRT_SECURE_NO_WARNINGS. See online help for details.
                 c:\program files (x86)\microsoft visual studio 10.0\vc\include\stdio.h(253) : see declaration of 'fscanf'
     1>b:\software development year 2 gmit\c programming\mastermindgame\mastermindgame\gameplayfunctions.c(539): warning C4996: 'fopen': This function or variable may be unsafe. Consider using fopen_s instead. To disable deprecation, use _CRT_SECURE_NO_WARNINGS. See online help for details.
                 c:\program files (x86)\microsoft visual studio 10.0\vc\include\stdio.h(234) : see declaration of 'fopen'
         Generating Code...
       Link:
         C:\Program Files (x86)\Microsoft Visual Studio 10.0\VC\bin\link.exe /ERRORREPORT:PROMPT /OUT:"B:\Software Development Year 2 GMIT\C Programming\MastermindGame\Debug\MastermindGame.exe" /NOLOGO kernel32.lib user32.lib gdi32.lib winspool.lib comdlg32.lib advapi32.lib shell32.lib ole32.lib oleaut32.lib uuid.lib odbc32.lib odbccp32.lib /MANIFEST /ManifestFile:"Debug\MastermindGame.exe.intermediate.manifest" /MANIFESTUAC:"level='asInvoker' uiAccess='false'" /DEBUG /PDB:"B:\Software Development Year 2 GMIT\C Programming\MastermindGame\Debug\MastermindGame.pdb" /TLBID:1 /DYNAMICBASE /NXCOMPAT /IMPLIB:"B:\Software Development Year 2 GMIT\C Programming\MastermindGame\Debug\MastermindGame.lib" /MACHINE:X86 Debug\GameplayFunctions.obj
         Debug\IntroMenuFunctions.obj
         Debug\Mastermind.obj
         LINK : B:\Software Development Year 2 GMIT\C Programming\MastermindGame\Debug\MastermindGame.exe not found or not built by the last incremental link; performing full link
         MastermindGame.vcxproj -> B:\Software Development Year 2 GMIT\C Programming\MastermindGame\Debug\MastermindGame.exe
       Manifest:
         C:\Program Files (x86)\Microsoft SDKs\Windows\v7.0A\bin\mt.exe /nologo /verbose /outputresource:"B:\Software Development Year 2 GMIT\C Programming\MastermindGame\Debug\MastermindGame.exe;#1" /manifest Debug\MastermindGame.exe.intermediate.manifest
       FinalizeBuildStatus:
         Deleting file "Debug\MastermindGame.unsuccessfulbuild".
         Touching "Debug\MastermindGame.lastbuildstate".
     1>Done Building Project "B:\Software Development Year 2 GMIT\C Programming\MastermindGame\MastermindGame\MastermindGame.vcxproj" (build target(s)).

Build succeeded.

Time Elapsed 00:00:03.19
