B:\WORK\SOFTWARE DEVELOPMENT YEAR 2 GMIT\C PROGRAMMING\MASTERMINDGAME\DEBUG\MASTERMINDGAME.EXE
B:\WORK\SOFTWARE DEVELOPMENT YEAR 2 GMIT\C PROGRAMMING\MASTERMINDGAME\DEBUG\MASTERMINDGAME.ILK
B:\WORK\SOFTWARE DEVELOPMENT YEAR 2 GMIT\C PROGRAMMING\MASTERMINDGAME\DEBUG\MASTERMINDGAME.PDB
B:\Work\Software Development Year 2 GMIT\C Programming\MastermindGame\MastermindGame\Debug\cl.command.1.tlog
B:\Work\Software Development Year 2 GMIT\C Programming\MastermindGame\MastermindGame\Debug\CL.read.1.tlog
B:\Work\Software Development Year 2 GMIT\C Programming\MastermindGame\MastermindGame\Debug\CL.write.1.tlog
B:\WORK\SOFTWARE DEVELOPMENT YEAR 2 GMIT\C PROGRAMMING\MASTERMINDGAME\MASTERMINDGAME\DEBUG\GAMEPLAYFUNCTIONS.OBJ
B:\WORK\SOFTWARE DEVELOPMENT YEAR 2 GMIT\C PROGRAMMING\MASTERMINDGAME\MASTERMINDGAME\DEBUG\INTROMENUFUNCTIONS.OBJ
B:\Work\Software Development Year 2 GMIT\C Programming\MastermindGame\MastermindGame\Debug\link.command.1.tlog
B:\Work\Software Development Year 2 GMIT\C Programming\MastermindGame\MastermindGame\Debug\link.read.1.tlog
B:\Work\Software Development Year 2 GMIT\C Programming\MastermindGame\MastermindGame\Debug\link.write.1.tlog
B:\WORK\SOFTWARE DEVELOPMENT YEAR 2 GMIT\C PROGRAMMING\MASTERMINDGAME\MASTERMINDGAME\DEBUG\MASTERMIND.OBJ
B:\WORK\SOFTWARE DEVELOPMENT YEAR 2 GMIT\C PROGRAMMING\MASTERMINDGAME\MASTERMINDGAME\DEBUG\MASTERMINDGAME.EXE.INTERMEDIATE.MANIFEST
B:\Work\Software Development Year 2 GMIT\C Programming\MastermindGame\MastermindGame\Debug\MastermindGame.vcxprojResolveAssemblyReference.cache
B:\Work\Software Development Year 2 GMIT\C Programming\MastermindGame\MastermindGame\Debug\MastermindGame.write.1.tlog
B:\Work\Software Development Year 2 GMIT\C Programming\MastermindGame\MastermindGame\Debug\mt.command.1.tlog
B:\Work\Software Development Year 2 GMIT\C Programming\MastermindGame\MastermindGame\Debug\mt.read.1.tlog
B:\Work\Software Development Year 2 GMIT\C Programming\MastermindGame\MastermindGame\Debug\mt.write.1.tlog
B:\Work\Software Development Year 2 GMIT\C Programming\MastermindGame\MastermindGame\Debug\vc100.idb
B:\WORK\SOFTWARE DEVELOPMENT YEAR 2 GMIT\C PROGRAMMING\MASTERMINDGAME\MASTERMINDGAME\DEBUG\VC100.PDB
